
Clover version 1.000000

 Clover will run from the following input:-

*clover
 state 1 density=0.2 energy=1.0
 state 2 density=1.0 energy=2.5 geometry=rectangle xmin=0.0 xmax=5.0 ymin=0.0 ymax=2.0
 x_cells=10
 y_cells=2
 xmin=0.0
 ymin=0.0
 xmax=10.0
 ymax=2.0
 initial_timestep=0.04
 timestep_rise=1.5
 max_timestep=0.04
 end_time=3.0
 test_problem 1
*endclover

 Initialising and generating


 Problem initialised and generated

               Volume      Mass        Density     Pressure    Internal Energy  Kinetic Energy   Total Energy
 step:     0   2.000E+01   1.200E+01   6.000E-01   5.400E-01   2.700E+01        0.000E+00        2.700000E+01

 Starting the calculation
 Step 1 time 0.000000 control sound timestep  4.000000E-02  1, 1 x  5.000000E-01  y 5.000000E-01
 Step 2 time 0.040000 control sound timestep  4.000000E-02  1, 1 x  5.000000E-01  y 5.000000E-01
 Step 3 time 0.080000 control sound timestep  4.000000E-02  1, 1 x  5.000000E-01  y 5.000000E-01
 Step 4 time 0.120000 control sound timestep  4.000000E-02  1, 1 x  5.000000E-01  y 5.000000E-01
 Step 5 time 0.160000 control sound timestep  4.000000E-02  1, 1 x  5.000000E-01  y 5.000000E-01
 Step 6 time 0.200000 control sound timestep  4.000000E-02  1, 1 x  5.000000E-01  y 5.000000E-01
 Step 7 time 0.240000 control sound timestep  4.000000E-02  1, 1 x  5.000000E-01  y 5.000000E-01
 Step 8 time 0.280000 control sound timestep  4.000000E-02  1, 1 x  5.000000E-01  y 5.000000E-01
 Step 9 time 0.320000 control sound timestep  4.000000E-02  1, 1 x  5.000000E-01  y 5.000000E-01
 Step 10 time 0.360000 control sound timestep  4.000000E-02  1, 1 x  5.000000E-01  y 5.000000E-01
               Volume      Mass        Density     Pressure    Internal Energy  Kinetic Energy   Total Energy
 step:    10   2.000E+01   1.200E+01   6.000E-01   5.365E-01   2.682E+01        1.640E-01        2.698858E+01

 Step 11 time 0.400000 control sound timestep  4.000000E-02  1, 1 x  5.000000E-01  y 5.000000E-01
 Step 12 time 0.440000 control sound timestep  4.000000E-02  1, 1 x  5.000000E-01  y 5.000000E-01
 Step 13 time 0.480000 control sound timestep  4.000000E-02  1, 1 x  5.000000E-01  y 5.000000E-01
 Step 14 time 0.520000 control sound timestep  4.000000E-02  1, 1 x  5.000000E-01  y 5.000000E-01
 Step 15 time 0.560000 control sound timestep  4.000000E-02  1, 1 x  5.000000E-01  y 5.000000E-01
 Step 16 time 0.600000 control sound timestep  4.000000E-02  1, 1 x  5.000000E-01  y 5.000000E-01
 Step 17 time 0.640000 control sound timestep  4.000000E-02  1, 1 x  5.000000E-01  y 5.000000E-01
 Step 18 time 0.680000 control sound timestep  4.000000E-02  1, 1 x  5.000000E-01  y 5.000000E-01
 Step 19 time 0.720000 control sound timestep  4.000000E-02  1, 1 x  5.000000E-01  y 5.000000E-01
 Step 20 time 0.760000 control sound timestep  4.000000E-02  1, 1 x  5.000000E-01  y 5.000000E-01
               Volume      Mass        Density     Pressure    Internal Energy  Kinetic Energy   Total Energy
 step:    20   2.000E+01   1.200E+01   6.000E-01   5.306E-01   2.653E+01        4.218E-01        2.695311E+01

 Step 21 time 0.800000 control sound timestep  4.000000E-02  1, 1 x  5.000000E-01  y 5.000000E-01
 Step 22 time 0.840000 control sound timestep  4.000000E-02  1, 1 x  5.000000E-01  y 5.000000E-01
 Step 23 time 0.880000 control sound timestep  4.000000E-02  1, 1 x  5.000000E-01  y 5.000000E-01
 Step 24 time 0.920000 control sound timestep  4.000000E-02  1, 1 x  5.000000E-01  y 5.000000E-01
 Step 25 time 0.960000 control sound timestep  4.000000E-02  1, 1 x  5.000000E-01  y 5.000000E-01
 Step 26 time 1.000000 control sound timestep  4.000000E-02  1, 1 x  5.000000E-01  y 5.000000E-01
 Step 27 time 1.040000 control sound timestep  4.000000E-02  1, 1 x  5.000000E-01  y 5.000000E-01
 Step 28 time 1.080000 control sound timestep  4.000000E-02  1, 1 x  5.000000E-01  y 5.000000E-01
 Step 29 time 1.120000 control sound timestep  4.000000E-02  1, 1 x  5.000000E-01  y 5.000000E-01
 Step 30 time 1.160000 control sound timestep  4.000000E-02  1, 1 x  5.000000E-01  y 5.000000E-01
               Volume      Mass        Density     Pressure    Internal Energy  Kinetic Energy   Total Energy
 step:    30   2.000E+01   1.200E+01   6.000E-01   5.249E-01   2.625E+01        6.800E-01        2.692710E+01

 Step 31 time 1.200000 control sound timestep  4.000000E-02  1, 1 x  5.000000E-01  y 5.000000E-01
 Step 32 time 1.240000 control sound timestep  4.000000E-02  1, 1 x  5.000000E-01  y 5.000000E-01
 Step 33 time 1.280000 control sound timestep  4.000000E-02  1, 1 x  5.000000E-01  y 5.000000E-01
 Step 34 time 1.320000 control sound timestep  4.000000E-02  1, 1 x  5.000000E-01  y 5.000000E-01
 Step 35 time 1.360000 control sound timestep  4.000000E-02  1, 1 x  5.000000E-01  y 5.000000E-01
 Step 36 time 1.400000 control sound timestep  4.000000E-02  1, 1 x  5.000000E-01  y 5.000000E-01
 Step 37 time 1.440000 control sound timestep  4.000000E-02  1, 1 x  5.000000E-01  y 5.000000E-01
 Step 38 time 1.480000 control sound timestep  4.000000E-02  1, 1 x  5.000000E-01  y 5.000000E-01
 Step 39 time 1.520000 control sound timestep  4.000000E-02  1, 1 x  5.000000E-01  y 5.000000E-01
 Step 40 time 1.560000 control sound timestep  4.000000E-02  1, 1 x  5.000000E-01  y 5.000000E-01
               Volume      Mass        Density     Pressure    Internal Energy  Kinetic Energy   Total Energy
 step:    40   2.000E+01   1.200E+01   6.000E-01   5.194E-01   2.597E+01        9.427E-01        2.691134E+01

 Step 41 time 1.600000 control sound timestep  4.000000E-02  1, 1 x  5.000000E-01  y 5.000000E-01
 Step 42 time 1.640000 control sound timestep  4.000000E-02  1, 1 x  5.000000E-01  y 5.000000E-01
 Step 43 time 1.680000 control sound timestep  4.000000E-02  1, 1 x  5.000000E-01  y 5.000000E-01
 Step 44 time 1.720000 control sound timestep  4.000000E-02  1, 1 x  5.000000E-01  y 5.000000E-01
 Step 45 time 1.760000 control sound timestep  4.000000E-02  1, 1 x  5.000000E-01  y 5.000000E-01
 Step 46 time 1.800000 control sound timestep  4.000000E-02  1, 1 x  5.000000E-01  y 5.000000E-01
 Step 47 time 1.840000 control sound timestep  4.000000E-02  1, 1 x  5.000000E-01  y 5.000000E-01
 Step 48 time 1.880000 control sound timestep  4.000000E-02  1, 1 x  5.000000E-01  y 5.000000E-01
 Step 49 time 1.920000 control sound timestep  4.000000E-02  1, 1 x  5.000000E-01  y 5.000000E-01
 Step 50 time 1.960000 control sound timestep  4.000000E-02  1, 1 x  5.000000E-01  y 5.000000E-01
               Volume      Mass        Density     Pressure    Internal Energy  Kinetic Energy   Total Energy
 step:    50   2.000E+01   1.200E+01   6.000E-01   5.137E-01   2.569E+01        1.216E+00        2.690323E+01

 Step 51 time 2.000000 control sound timestep  4.000000E-02  1, 1 x  5.000000E-01  y 5.000000E-01
 Step 52 time 2.040000 control sound timestep  4.000000E-02  1, 1 x  5.000000E-01  y 5.000000E-01
 Step 53 time 2.080000 control sound timestep  4.000000E-02  1, 1 x  5.000000E-01  y 5.000000E-01
 Step 54 time 2.120000 control sound timestep  4.000000E-02  1, 1 x  5.000000E-01  y 5.000000E-01
 Step 55 time 2.160000 control sound timestep  4.000000E-02  1, 1 x  5.000000E-01  y 5.000000E-01
 Step 56 time 2.200000 control sound timestep  4.000000E-02  1, 1 x  5.000000E-01  y 5.000000E-01
 Step 57 time 2.240000 control sound timestep  4.000000E-02  1, 1 x  5.000000E-01  y 5.000000E-01
 Step 58 time 2.280000 control sound timestep  4.000000E-02  1, 1 x  5.000000E-01  y 5.000000E-01
 Step 59 time 2.320000 control sound timestep  4.000000E-02  1, 1 x  5.000000E-01  y 5.000000E-01
 Step 60 time 2.360000 control sound timestep  4.000000E-02  1, 1 x  5.000000E-01  y 5.000000E-01
               Volume      Mass        Density     Pressure    Internal Energy  Kinetic Energy   Total Energy
 step:    60   2.000E+01   1.201E+01   6.003E-01   5.084E-01   2.542E+01        1.481E+00        2.689996E+01

 Step 61 time 2.400000 control sound timestep  4.000000E-02  1, 1 x  5.000000E-01  y 5.000000E-01
 Step 62 time 2.440000 control sound timestep  4.000000E-02  1, 1 x  5.000000E-01  y 5.000000E-01
 Step 63 time 2.480000 control sound timestep  4.000000E-02  1, 1 x  5.000000E-01  y 5.000000E-01
 Step 64 time 2.520000 control sound timestep  4.000000E-02  1, 1 x  5.000000E-01  y 5.000000E-01
 Step 65 time 2.560000 control sound timestep  4.000000E-02  1, 1 x  5.000000E-01  y 5.000000E-01
 Step 66 time 2.600000 control sound timestep  4.000000E-02  1, 1 x  5.000000E-01  y 5.000000E-01
 Step 67 time 2.640000 control sound timestep  4.000000E-02  1, 1 x  5.000000E-01  y 5.000000E-01
 Step 68 time 2.680000 control sound timestep  4.000000E-02  1, 1 x  5.000000E-01  y 5.000000E-01
 Step 69 time 2.720000 control sound timestep  4.000000E-02  1, 1 x  5.000000E-01  y 5.000000E-01
 Step 70 time 2.760000 control sound timestep  4.000000E-02  1, 1 x  5.000000E-01  y 5.000000E-01
               Volume      Mass        Density     Pressure    Internal Energy  Kinetic Energy   Total Energy
 step:    70   2.000E+01   1.203E+01   6.015E-01   5.049E-01   2.525E+01        1.689E+00        2.693676E+01

 Step 71 time 2.800000 control sound timestep  4.000000E-02  1, 1 x  5.000000E-01  y 5.000000E-01
 Step 72 time 2.840000 control sound timestep  4.000000E-02  1, 1 x  5.000000E-01  y 5.000000E-01
 Step 73 time 2.880000 control sound timestep  4.000000E-02  1, 1 x  5.000000E-01  y 5.000000E-01
 Step 74 time 2.920000 control sound timestep  4.000000E-02  1, 1 x  5.000000E-01  y 5.000000E-01
 Step 75 time 2.960000 control sound timestep  4.000000E-02  1, 1 x  5.000000E-01  y 5.000000E-01
               Volume      Mass        Density     Pressure    Internal Energy  Kinetic Energy   Total Energy
 step:    75   2.000E+01   1.205E+01   6.027E-01   5.048E-01   2.524E+01        1.750E+00        2.699241E+01
