
Clover version 1.000000

 Clover will run from the following input:-

*clover

 state 1 density=0.2 energy=1.0
 state 2 density=1.0 energy=2.5 geometry=rectangle xmin=0.0 xmax=5.0 ymin=0.0 ymax=2.0

 x_cells=960
 y_cells=960

 xmin=0.0
 ymin=0.0
 xmax=10.0
 ymax=10.0

 initial_timestep=0.04
 timestep_rise=1.5
 max_timestep=0.04
 end_time=15.5
 end_step=2955

*endclover

 Initialising and generating

 Reading input file

 Reading specification for state 1

        state density: 2.000000e-01
         state energy: 1.000000e+00


 Reading specification for state 2

        state density: 1.000000e+00
         state energy: 2.500000e+00
       state geometry: rectangular
           state xmin: 0.000000e+00
           state xmax: 5.000000e+00
           state ymin: 0.000000e+00
           state ymax: 2.000000e+00

              x_cells: 960
              y_cells: 960
                 xmin: 0.000000e+00
                 ymin: 0.000000e+00
                 xmax: 1.000000e+01
                 ymax: 1.000000e+01
     initial_timestep: 4.000000e-02
        timestep_rise: 1.500000e+00
         max_timestep: 4.000000e-02
             end_time: 1.550000e+01
             end_step: 0.000000e+00

 Input read finished


 Generating chunks


 Problem initialised and generated


 Time 0.000000
               Volume      Mass        Density     Pressure    Internal Energy  Kinetic Energy   Total Energy
 step:     0   1.000E+02   6.000E+01   6.000E-01   5.400E-01   1.350E+02        0.000E+00        1.350E+02


 Starting the calculation

 Step 1 time   0.0000000 control sound timestep  6.16E-03  1, 1 x  5.208333E-03  y 5.208333E-03
 Step 2 time   0.0061626 control sound timestep  9.24E-03  1, 1 x  5.208333E-03  y 5.208333E-03
 Step 3 time   0.0154065 control sound timestep  1.39E-02  1, 1 x  5.208333E-03  y 5.208333E-03
 Step 4 time   0.0292723 control sound timestep  2.08E-02  1, 1 x  5.208333E-03  y 5.208333E-03
 Step 5 time   0.0500710 control sound timestep  3.12E-02  1, 1 x  5.208333E-03  y 5.208333E-03
 Step 6 time   0.0812691 control sound timestep  4.00E-02  1, 1 x  5.208333E-03  y 5.208333E-03
 Step 7 time   0.1212691 control sound timestep  4.00E-02  1, 1 x  5.208333E-03  y 5.208333E-03
 Step 8 time   0.1612691 control sound timestep  4.00E-02  1, 1 x  5.208333E-03  y 5.208333E-03
 Step 9 time   0.2012691 control sound timestep  4.00E-02  1, 1 x  5.208333E-03  y 5.208333E-03
 Step 10 time   0.2412691 control sound timestep  4.00E-02  1, 1 x  5.208333E-03  y 5.208333E-03
 Time 0.281269
               Volume      Mass        Density     Pressure    Internal Energy  Kinetic Energy   Total Energy
 step:    10   1.000E+02   -NAN        -NAN        -NAN        -NAN             -NAN             -NAN


 Step 11 time   0.2812691 control sound timestep  4.00E-02  1, 1 x  5.208333E-03  y 5.208333E-03
 Step 12 time   0.3212691 control sound timestep  4.00E-02  1, 1 x  5.208333E-03  y 5.208333E-03
 Step 13 time   0.3612691 control sound timestep  4.00E-02  1, 1 x  5.208333E-03  y 5.208333E-03
 Step 14 time   0.4012691 control sound timestep  4.00E-02  1, 1 x  5.208333E-03  y 5.208333E-03
 Step 15 time   0.4412691 control sound timestep  4.00E-02  1, 1 x  5.208333E-03  y 5.208333E-03
 Step 16 time   0.4812691 control sound timestep  4.00E-02  1, 1 x  5.208333E-03  y 5.208333E-03
 Step 17 time   0.5212691 control sound timestep  4.00E-02  1, 1 x  5.208333E-03  y 5.208333E-03
 Step 18 time   0.5612691 control sound timestep  4.00E-02  1, 1 x  5.208333E-03  y 5.208333E-03
 Step 19 time   0.6012691 control sound timestep  4.00E-02  1, 1 x  5.208333E-03  y 5.208333E-03
 Step 20 time   0.6412691 control sound timestep  4.00E-02  1, 1 x  5.208333E-03  y 5.208333E-03
 Time 0.681269
               Volume      Mass        Density     Pressure    Internal Energy  Kinetic Energy   Total Energy
 step:    20   1.000E+02   -NAN        -NAN        -NAN        -NAN             -NAN             -NAN


 Step 21 time   0.6812691 control sound timestep  4.00E-02  1, 1 x  5.208333E-03  y 5.208333E-03
 Step 22 time   0.7212691 control sound timestep  4.00E-02  1, 1 x  5.208333E-03  y 5.208333E-03
 Step 23 time   0.7612691 control sound timestep  4.00E-02  1, 1 x  5.208333E-03  y 5.208333E-03
 Step 24 time   0.8012691 control sound timestep  4.00E-02  1, 1 x  5.208333E-03  y 5.208333E-03
 Step 25 time   0.8412691 control sound timestep  4.00E-02  1, 1 x  5.208333E-03  y 5.208333E-03
 Step 26 time   0.8812691 control sound timestep  4.00E-02  1, 1 x  5.208333E-03  y 5.208333E-03
 Step 27 time   0.9212691 control sound timestep  4.00E-02  1, 1 x  5.208333E-03  y 5.208333E-03
 Step 28 time   0.9612691 control sound timestep  4.00E-02  1, 1 x  5.208333E-03  y 5.208333E-03
 Step 29 time   1.0012691 control sound timestep  4.00E-02  1, 1 x  5.208333E-03  y 5.208333E-03
 Step 30 time   1.0412691 control sound timestep  4.00E-02  1, 1 x  5.208333E-03  y 5.208333E-03
 Time 1.081269
               Volume      Mass        Density     Pressure    Internal Energy  Kinetic Energy   Total Energy
 step:    30   1.000E+02   -NAN        -NAN        -NAN        -NAN             -NAN             -NAN


 Step 31 time   1.0812691 control sound timestep  4.00E-02  1, 1 x  5.208333E-03  y 5.208333E-03
 Step 32 time   1.1212691 control sound timestep  4.00E-02  1, 1 x  5.208333E-03  y 5.208333E-03
 Step 33 time   1.1612691 control sound timestep  4.00E-02  1, 1 x  5.208333E-03  y 5.208333E-03
 Step 34 time   1.2012691 control sound timestep  4.00E-02  1, 1 x  5.208333E-03  y 5.208333E-03
 Step 35 time   1.2412691 control sound timestep  4.00E-02  1, 1 x  5.208333E-03  y 5.208333E-03
 Step 36 time   1.2812691 control sound timestep  4.00E-02  1, 1 x  5.208333E-03  y 5.208333E-03
 Step 37 time   1.3212691 control sound timestep  4.00E-02  1, 1 x  5.208333E-03  y 5.208333E-03
 Step 38 time   1.3612691 control sound timestep  4.00E-02  1, 1 x  5.208333E-03  y 5.208333E-03
 Step 39 time   1.4012691 control sound timestep  4.00E-02  1, 1 x  5.208333E-03  y 5.208333E-03
 Step 40 time   1.4412691 control sound timestep  4.00E-02  1, 1 x  5.208333E-03  y 5.208333E-03
 Time 1.481269
               Volume      Mass        Density     Pressure    Internal Energy  Kinetic Energy   Total Energy
 step:    40   1.000E+02   -NAN        -NAN        -NAN        -NAN             -NAN             -NAN


 Step 41 time   1.4812691 control sound timestep  4.00E-02  1, 1 x  5.208333E-03  y 5.208333E-03
 Step 42 time   1.5212691 control sound timestep  4.00E-02  1, 1 x  5.208333E-03  y 5.208333E-03
 Step 43 time   1.5612691 control sound timestep  4.00E-02  1, 1 x  5.208333E-03  y 5.208333E-03
 Step 44 time   1.6012691 control sound timestep  4.00E-02  1, 1 x  5.208333E-03  y 5.208333E-03
 Step 45 time   1.6412691 control sound timestep  4.00E-02  1, 1 x  5.208333E-03  y 5.208333E-03
 Step 46 time   1.6812691 control sound timestep  4.00E-02  1, 1 x  5.208333E-03  y 5.208333E-03
 Step 47 time   1.7212691 control sound timestep  4.00E-02  1, 1 x  5.208333E-03  y 5.208333E-03
 Step 48 time   1.7612691 control sound timestep  4.00E-02  1, 1 x  5.208333E-03  y 5.208333E-03
 Step 49 time   1.8012691 control sound timestep  4.00E-02  1, 1 x  5.208333E-03  y 5.208333E-03
 Step 50 time   1.8412691 control sound timestep  4.00E-02  1, 1 x  5.208333E-03  y 5.208333E-03
 Time 1.881269
               Volume      Mass        Density     Pressure    Internal Energy  Kinetic Energy   Total Energy
 step:    50   1.000E+02   -NAN        -NAN        -NAN        -NAN             -NAN             -NAN


 Step 51 time   1.8812691 control sound timestep  4.00E-02  1, 1 x  5.208333E-03  y 5.208333E-03
 Step 52 time   1.9212691 control sound timestep  4.00E-02  1, 1 x  5.208333E-03  y 5.208333E-03
 Step 53 time   1.9612691 control sound timestep  4.00E-02  1, 1 x  5.208333E-03  y 5.208333E-03
 Step 54 time   2.0012691 control sound timestep  4.00E-02  1, 1 x  5.208333E-03  y 5.208333E-03
 Step 55 time   2.0412691 control sound timestep  4.00E-02  1, 1 x  5.208333E-03  y 5.208333E-03
 Step 56 time   2.0812691 control sound timestep  4.00E-02  1, 1 x  5.208333E-03  y 5.208333E-03
 Step 57 time   2.1212691 control sound timestep  4.00E-02  1, 1 x  5.208333E-03  y 5.208333E-03
 Step 58 time   2.1612691 control sound timestep  4.00E-02  1, 1 x  5.208333E-03  y 5.208333E-03
 Step 59 time   2.2012691 control sound timestep  4.00E-02  1, 1 x  5.208333E-03  y 5.208333E-03
 Step 60 time   2.2412691 control sound timestep  4.00E-02  1, 1 x  5.208333E-03  y 5.208333E-03
 Time 2.281269
               Volume      Mass        Density     Pressure    Internal Energy  Kinetic Energy   Total Energy
 step:    60   1.000E+02   -NAN        -NAN        -NAN        -NAN             -NAN             -NAN


 Step 61 time   2.2812691 control sound timestep  4.00E-02  1, 1 x  5.208333E-03  y 5.208333E-03
 Step 62 time   2.3212691 control sound timestep  4.00E-02  1, 1 x  5.208333E-03  y 5.208333E-03
 Step 63 time   2.3612691 control sound timestep  4.00E-02  1, 1 x  5.208333E-03  y 5.208333E-03
 Step 64 time   2.4012691 control sound timestep  4.00E-02  1, 1 x  5.208333E-03  y 5.208333E-03
 Step 65 time   2.4412691 control sound timestep  4.00E-02  1, 1 x  5.208333E-03  y 5.208333E-03
 Step 66 time   2.4812691 control sound timestep  4.00E-02  1, 1 x  5.208333E-03  y 5.208333E-03
 Step 67 time   2.5212691 control sound timestep  4.00E-02  1, 1 x  5.208333E-03  y 5.208333E-03
 Step 68 time   2.5612691 control sound timestep  4.00E-02  1, 1 x  5.208333E-03  y 5.208333E-03
 Step 69 time   2.6012691 control sound timestep  4.00E-02  1, 1 x  5.208333E-03  y 5.208333E-03
 Step 70 time   2.6412691 control sound timestep  4.00E-02  1, 1 x  5.208333E-03  y 5.208333E-03
 Time 2.681269
               Volume      Mass        Density     Pressure    Internal Energy  Kinetic Energy   Total Energy
 step:    70   1.000E+02   -NAN        -NAN        -NAN        -NAN             -NAN             -NAN
