
Clover version 1.000000

 Clover will run from the following input:-

*clover

 state 1 density=0.2 energy=1.0
 state 2 density=1.0 energy=2.5 geometry=rectangle xmin=0.0 xmax=5.0 ymin=0.0 ymax=2.0

 x_cells=960
 y_cells=960

 xmin=0.0
 ymin=0.0
 xmax=10.0
 ymax=10.0

 initial_timestep=0.04
 timestep_rise=1.5
 max_timestep=0.04
 end_time=0.5
 end_step=87

*endclover

 Initialising and generating

 Reading input file

 Reading specification for state 1

        state density: 2.000000e-01
         state energy: 1.000000e+00


 Reading specification for state 2

        state density: 1.000000e+00
         state energy: 2.500000e+00
       state geometry: rectangular
           state xmin: 0.000000e+00
           state xmax: 5.000000e+00
           state ymin: 0.000000e+00
           state ymax: 2.000000e+00

              x_cells: 960
              y_cells: 960
                 xmin: 0.000000e+00
                 ymin: 0.000000e+00
                 xmax: 1.000000e+01
                 ymax: 1.000000e+01
     initial_timestep: 4.000000e-02
        timestep_rise: 1.500000e+00
         max_timestep: 4.000000e-02
             end_time: 5.000000e-01
             end_step: 0.000000e+00

 Input read finished

 Starting the calculation
 Setting up initial geometry


 Generating chunks


 Problem initialised and generated



 Time 0.000000
               Volume      Mass        Density     Pressure    Internal Energy  Kinetic Energy   Total Energy
 step:     0   1.000E+02   2.800E+01   2.800E-01   1.720E-01   4.300E+01        0.000E+00        4.300E+01